<?xml version="1.0" encoding="UTF-8"?>
<testng-results ignored="0" total="2" passed="2" failed="0" skipped="0">
  <reporter-output>
  </reporter-output>
  <suite started-at="2023-08-15T16:13:20 IST" name="Suite" finished-at="2023-08-15T16:13:20 IST" duration-ms="27">
    <groups>
    </groups>
    <test started-at="2023-08-15T16:13:20 IST" name="Test" finished-at="2023-08-15T16:13:20 IST" duration-ms="27">
      <class name="buildClasses.BuildClass2">
        <test-method signature="testPrint()[pri:0, instance:buildClasses.BuildClass2@1d8bd0de]" started-at="2023-08-15T16:13:20 IST" name="testPrint" finished-at="2023-08-15T16:13:20 IST" duration-ms="5" status="PASS">
          <reporter-output>
          </reporter-output>
        </test-method> <!-- testPrint -->
      </class> <!-- buildClasses.BuildClass2 -->
      <class name="buildClasses.BuildClass1">
        <test-method signature="testPrint()[pri:0, instance:buildClasses.BuildClass1@78ffe6dc]" started-at="2023-08-15T16:13:20 IST" name="testPrint" finished-at="2023-08-15T16:13:20 IST" duration-ms="0" status="PASS">
          <reporter-output>
          </reporter-output>
        </test-method> <!-- testPrint -->
      </class> <!-- buildClasses.BuildClass1 -->
    </test> <!-- Test -->
  </suite> <!-- Suite -->
</testng-results>
