<?xml version="1.0" encoding="UTF-8"?>
<testng-results ignored="0" total="2" passed="2" failed="0" skipped="0">
  <reporter-output>
  </reporter-output>
  <suite started-at="2023-08-15T15:48:00 IST" name="Suite" finished-at="2023-08-15T15:48:00 IST" duration-ms="36">
    <groups>
    </groups>
    <test started-at="2023-08-15T15:48:00 IST" name="Test" finished-at="2023-08-15T15:48:00 IST" duration-ms="36">
      <class name="SsampleTestCases.Test1">
        <test-method signature="testPrint()[pri:0, instance:SsampleTestCases.Test1@10959ece]" started-at="2023-08-15T15:48:00 IST" name="testPrint" finished-at="2023-08-15T15:48:00 IST" duration-ms="5" status="PASS">
          <reporter-output>
          </reporter-output>
        </test-method> <!-- testPrint -->
      </class> <!-- SsampleTestCases.Test1 -->
      <class name="SsampleTestCases.Test2">
        <test-method signature="testPrint()[pri:0, instance:SsampleTestCases.Test2@1ba9117e]" started-at="2023-08-15T15:48:00 IST" name="testPrint" finished-at="2023-08-15T15:48:00 IST" duration-ms="1" status="PASS">
          <reporter-output>
          </reporter-output>
        </test-method> <!-- testPrint -->
      </class> <!-- SsampleTestCases.Test2 -->
    </test> <!-- Test -->
  </suite> <!-- Suite -->
</testng-results>
